<?xml version="1.0" encoding="UTF-8" ?>
<testsuite errors="0" failures="0" hostname="dev-alan" name="net.alanbrazil.samples.test.CalculadoraTest" skipped="0" tests="2" time="0.133" timestamp="2015-01-21T14:46:35">
  <properties>
    <property name="ant.project.invoked-targets" value="jar,report" />
    <property name="java.runtime.name" value="Java(TM) SE Runtime Environment" />
    <property name="sun.boot.library.path" value="/usr/lib/jvm/java-7-oracle/jre/lib/amd64" />
    <property name="java.vm.version" value="24.72-b04" />
    <property name="ant.library.dir" value="/usr/share/ant/lib" />
    <property name="ant.version" value="Apache Ant(TM) version 1.9.3 compiled on April 8 2014" />
    <property name="ant.java.version" value="1.7" />
    <property name="java.vm.vendor" value="Oracle Corporation" />
    <property name="java.vendor.url" value="http://java.oracle.com/" />
    <property name="path.separator" value=":" />
    <property name="java.vm.name" value="Java HotSpot(TM) 64-Bit Server VM" />
    <property name="file.encoding.pkg" value="sun.io" />
    <property name="user.country" value="BR" />
    <property name="sun.java.launcher" value="SUN_STANDARD" />
    <property name="sun.os.patch.level" value="unknown" />
    <property name="java.vm.specification.name" value="Java Virtual Machine Specification" />
    <property name="user.dir" value="/home/alan_lins/desenvolvimento/android/workspace/CalculadoraJenkins" />
    <property name="java.runtime.version" value="1.7.0_72-b14" />
    <property name="java.awt.graphicsenv" value="sun.awt.X11GraphicsEnvironment" />
    <property name="basedir" value="/home/alan_lins/desenvolvimento/android/workspace/CalculadoraJenkins" />
    <property name="java.endorsed.dirs" value="/usr/lib/jvm/java-7-oracle/jre/lib/endorsed" />
    <property name="os.arch" value="amd64" />
    <property name="java.io.tmpdir" value="/tmp" />
    <property name="ant.core.lib" value="/usr/share/ant/lib/ant.jar" />
    <property name="line.separator" value="&#xa;" />
    <property name="java.vm.specification.vendor" value="Oracle Corporation" />
    <property name="os.name" value="Linux" />
    <property name="ant.home" value="/usr/share/ant" />
    <property name="ant.project.name" value="Calculadora Jenkins" />
    <property name="sun.jnu.encoding" value="UTF-8" />
    <property name="java.library.path" value="/usr/java/packages/lib/amd64:/usr/lib64:/lib64:/lib:/usr/lib" />
    <property name="java.specification.name" value="Java Platform API Specification" />
    <property name="java.class.version" value="51.0" />
    <property name="sun.management.compiler" value="HotSpot 64-Bit Tiered Compilers" />
    <property name="os.version" value="3.13.0-32-generic" />
    <property name="ant.file" value="/home/alan_lins/desenvolvimento/android/workspace/CalculadoraJenkins/build.xml" />
    <property name="target.report.dir" value="/home/alan_lins/desenvolvimento/android/workspace/CalculadoraJenkins/build/report" />
    <property name="user.home" value="/home/alan_lins" />
    <property name="user.timezone" value="" />
    <property name="java.awt.printerjob" value="sun.print.PSPrinterJob" />
    <property name="java.specification.version" value="1.7" />
    <property name="file.encoding" value="UTF-8" />
    <property name="java.class.path" value="/home/alan_lins/desenvolvimento/android/workspace/CalculadoraJenkins/target/classes-test:/home/alan_lins/desenvolvimento/android/workspace/CalculadoraJenkins:/home/alan_lins/desenvolvimento/android/workspace/CalculadoraJenkins/lib/junit-4.9.jar:/home/alan_lins/desenvolvimento/android/workspace/CalculadoraJenkins/target/classes:/usr/share/ant/lib/junit.jar:/usr/share/java/ant-launcher-1.9.3.jar:/usr/share/ant/lib/ant.jar:/usr/share/ant/lib/ant-junit.jar:/usr/share/ant/lib/ant-junit4.jar" />
    <property name="user.name" value="alan_lins" />
    <property name="java.vm.specification.version" value="1.7" />
    <property name="java.home" value="/usr/lib/jvm/java-7-oracle/jre" />
    <property name="sun.arch.data.model" value="64" />
    <property name="sun.java.command" value="org.apache.tools.ant.taskdefs.optional.junit.JUnitTestRunner net.alanbrazil.samples.test.CalculadoraTest skipNonTests=false filtertrace=true haltOnError=false haltOnFailure=true formatter=org.apache.tools.ant.taskdefs.optional.junit.SummaryJUnitResultFormatter showoutput=true outputtoformatters=true logfailedtests=true logtestlistenerevents=false formatter=org.apache.tools.ant.taskdefs.optional.junit.PlainJUnitResultFormatter formatter=org.apache.tools.ant.taskdefs.optional.junit.XMLJUnitResultFormatter,/home/alan_lins/desenvolvimento/android/workspace/CalculadoraJenkins/build/report/TEST-net.alanbrazil.samples.test.CalculadoraTest.xml crashfile=/home/alan_lins/desenvolvimento/android/workspace/CalculadoraJenkins/junitvmwatcher8347935641727821950.properties propsfile=/home/alan_lins/desenvolvimento/android/workspace/CalculadoraJenkins/junit8810292133514141095.properties" />
    <property name="java.specification.vendor" value="Oracle Corporation" />
    <property name="user.language" value="pt" />
    <property name="ant.file.type.Calculadora Jenkins" value="file" />
    <property name="awt.toolkit" value="sun.awt.X11.XToolkit" />
    <property name="java.vm.info" value="mixed mode" />
    <property name="java.version" value="1.7.0_72" />
    <property name="java.ext.dirs" value="/usr/lib/jvm/java-7-oracle/jre/lib/ext:/usr/java/packages/lib/ext" />
    <property name="sun.boot.class.path" value="/usr/lib/jvm/java-7-oracle/jre/lib/resources.jar:/usr/lib/jvm/java-7-oracle/jre/lib/rt.jar:/usr/lib/jvm/java-7-oracle/jre/lib/sunrsasign.jar:/usr/lib/jvm/java-7-oracle/jre/lib/jsse.jar:/usr/lib/jvm/java-7-oracle/jre/lib/jce.jar:/usr/lib/jvm/java-7-oracle/jre/lib/charsets.jar:/usr/lib/jvm/java-7-oracle/jre/lib/jfr.jar:/usr/lib/jvm/java-7-oracle/jre/classes" />
    <property name="target.dir" value="/home/alan_lins/desenvolvimento/android/workspace/CalculadoraJenkins/build" />
    <property name="java.vendor" value="Oracle Corporation" />
    <property name="file.separator" value="/" />
    <property name="java.vendor.url.bug" value="http://bugreport.sun.com/bugreport/" />
    <property name="sun.cpu.endian" value="little" />
    <property name="sun.io.unicode.encoding" value="UnicodeLittle" />
    <property name="ant.file.Calculadora Jenkins" value="/home/alan_lins/desenvolvimento/android/workspace/CalculadoraJenkins/build.xml" />
    <property name="ant.file.type" value="file" />
    <property name="sun.cpu.isalist" value="" />
  </properties>
  <testcase classname="net.alanbrazil.samples.test.CalculadoraTest" name="soma" time="0.008" />
  <testcase classname="net.alanbrazil.samples.test.CalculadoraTest" name="substracao" time="0.001" />
  <system-out><![CDATA[]]></system-out>
  <system-err><![CDATA[]]></system-err>
</testsuite>
